<?xml version="1.0" encoding="UTF-8"?>
<!-- Generated by org.testng.reporters.JUnitReportReporter -->
<testsuite name="tuesdayJan.AddIllustration" tests="2" time="6.366" ignored="0" failures="0" timestamp="06 Feb 2017 11:06:49 GMT" skipped="0" hostname="Skoruz-Chari" errors="1">
  <testcase name="status_of_ilustrasiPenjualanClick" time="3.239" classname="tuesdayJan.AddIllustration"/>
  <testcase name="ilustrasiPenjualanClick" time="3.127" classname="tuesdayJan.AddIllustration">
    <error type="org.sikuli.script.FindFailed" message="can not find P(.\zurichImages\TambhaIllustrasiImageLink.PNG) S: 0.7 on the screen.">
      <![CDATA[FindFailed: can not find P(.\zurichImages\TambhaIllustrasiImageLink.PNG) S: 0.7 on the screen.
  Line 1574, in file Region.java

	at org.sikuli.script.Region.handleFindFailed(Region.java:1574)
	at org.sikuli.script.Region.wait(Region.java:1682)
	at org.sikuli.script.Region.wait(Region.java:1647)
	at tuesdayJan.AddIllustration.ilustrasiPenjualanClick(AddIllustration.java:22)
	at sun.reflect.NativeMethodAccessorImpl.invoke0(Native Method)
	at sun.reflect.NativeMethodAccessorImpl.invoke(NativeMethodAccessorImpl.java:62)
	at sun.reflect.DelegatingMethodAccessorImpl.invoke(DelegatingMethodAccessorImpl.java:43)
	at java.lang.reflect.Method.invoke(Method.java:498)
	at org.testng.internal.MethodInvocationHelper.invokeMethod(MethodInvocationHelper.java:104)
	at org.testng.internal.Invoker.invokeMethod(Invoker.java:645)
	at org.testng.internal.Invoker.invokeTestMethod(Invoker.java:851)
	at org.testng.internal.Invoker.invokeTestMethods(Invoker.java:1177)
	at org.testng.internal.TestMethodWorker.invokeTestMethods(TestMethodWorker.java:129)
	at org.testng.internal.TestMethodWorker.run(TestMethodWorker.java:112)
	at org.testng.TestRunner.privateRun(TestRunner.java:756)
	at org.testng.TestRunner.run(TestRunner.java:610)
	at org.testng.SuiteRunner.runTest(SuiteRunner.java:387)
	at org.testng.SuiteRunner.runSequentially(SuiteRunner.java:382)
	at org.testng.SuiteRunner.privateRun(SuiteRunner.java:340)
	at org.testng.SuiteRunner.run(SuiteRunner.java:289)
	at org.testng.SuiteRunnerWorker.runSuite(SuiteRunnerWorker.java:52)
	at org.testng.SuiteRunnerWorker.run(SuiteRunnerWorker.java:86)
	at org.testng.TestNG.runSuitesSequentially(TestNG.java:1293)
	at org.testng.TestNG.runSuitesLocally(TestNG.java:1218)
	at org.testng.TestNG.runSuites(TestNG.java:1133)
	at org.testng.TestNG.run(TestNG.java:1104)
	at org.testng.remote.AbstractRemoteTestNG.run(AbstractRemoteTestNG.java:132)
	at org.testng.remote.RemoteTestNG.initAndRun(RemoteTestNG.java:236)
	at org.testng.remote.RemoteTestNG.main(RemoteTestNG.java:81)
]]>
    </error>
  </testcase> <!-- ilustrasiPenjualanClick -->
</testsuite> <!-- tuesdayJan.AddIllustration -->
