<?xml version="1.0" encoding="UTF-8"?>
<!-- Generated by org.testng.reporters.JUnitReportReporter -->
<testsuite name="tuesdayJan.LoginPage" tests="4" time="23.326" ignored="0" failures="0" timestamp="06 Feb 2017 11:06:48 GMT" skipped="0" hostname="Skoruz-Chari" errors="0">
  <testcase name="usernameType" time="6.513" classname="tuesdayJan.LoginPage"/>
  <testcase name="passwordType" time="2.407" classname="tuesdayJan.LoginPage"/>
  <testcase name="loginButtonClick" time="10.944" classname="tuesdayJan.LoginPage"/>
  <testcase name="verifyLoginSatus" time="3.462" classname="tuesdayJan.LoginPage"/>
</testsuite> <!-- tuesdayJan.LoginPage -->
