<?xml version="1.0" encoding="UTF-8"?>
<!-- Generated by org.testng.reporters.JUnitReportReporter -->
<testsuite name="tuesdayJan.Example" tests="3" time="42.084" ignored="0" failures="0" timestamp="02 Feb 2017 07:40:43 GMT" skipped="0" hostname="Skoruz-Chari" errors="0">
  <testcase name="first" time="15.044" classname="tuesdayJan.Example"/>
  <testcase name="first2" time="14.676" classname="tuesdayJan.Example"/>
  <testcase name="first1" time="12.364" classname="tuesdayJan.Example"/>
</testsuite> <!-- tuesdayJan.Example -->
